# JRE version: Java(TM) SE Runtime Environment (8.0_71-b15) (build 1.8.0_71-b15)
# Java VM: Java HotSpot(TM) 64-Bit Server VM (25.71-b15 mixed mode windows-amd64 compressed oops)
Heap:
 PSYoungGen      total 226816K, used 199369K [0x000000076b600000, 0x000000077b500000, 0x00000007c0000000)
  eden space 204800K, 86% used [0x000000076b600000,0x0000000776333b68,0x0000000777e00000)
  from space 22016K, 99% used [0x0000000779700000,0x000000077ac7ea18,0x000000077ac80000)
  to   space 25600K, 0% used [0x0000000777e00000,0x0000000777e00000,0x0000000779700000)
 ParOldGen       total 189440K, used 26546K [0x00000006c2200000, 0x00000006cdb00000, 0x000000076b600000)
  object space 189440K, 14% used [0x00000006c2200000,0x00000006c3beca00,0x00000006cdb00000)
 Metaspace       used 56235K, capacity 56962K, committed 57216K, reserved 1099776K
  class space    used 7095K, capacity 7248K, committed 7296K, reserved 1048576K
GC Heap History (10 events):
Event: 4.645 GC heap before
{Heap before GC invocations=8 (full 1):
 PSYoungGen      total 133120K, used 111936K [0x000000076b600000, 0x0000000777480000, 0x00000007c0000000)
  eden space 122368K, 82% used [0x000000076b600000,0x00000007718d0a78,0x0000000772d80000)
  from space 10752K, 99% used [0x0000000773b00000,0x000000077457f650,0x0000000774580000)
  to   space 13824K, 0% used [0x0000000772d80000,0x0000000772d80000,0x0000000773b00000)
 ParOldGen       total 110080K, used 11462K [0x00000006c2200000, 0x00000006c8d80000, 0x000000076b600000)
  object space 110080K, 10% used [0x00000006c2200000,0x00000006c2d31af0,0x00000006c8d80000)
 Metaspace       used 34941K, capacity 35286K, committed 35456K, reserved 1081344K
  class space    used 4300K, capacity 4406K, committed 4480K, reserved 1048576K
Event: 4.660 GC heap after
Heap after GC invocations=8 (full 1):
 PSYoungGen      total 136192K, used 13803K [0x000000076b600000, 0x0000000777f80000, 0x00000007c0000000)
  eden space 122368K, 0% used [0x000000076b600000,0x000000076b600000,0x0000000772d80000)
  from space 13824K, 99% used [0x0000000772d80000,0x0000000773afade8,0x0000000773b00000)
  to   space 18432K, 0% used [0x0000000776d80000,0x0000000776d80000,0x0000000777f80000)
 ParOldGen       total 110080K, used 15760K [0x00000006c2200000, 0x00000006c8d80000, 0x000000076b600000)
  object space 110080K, 14% used [0x00000006c2200000,0x00000006c3164288,0x00000006c8d80000)
 Metaspace       used 34941K, capacity 35286K, committed 35456K, reserved 1081344K
  class space    used 4300K, capacity 4406K, committed 4480K, reserved 1048576K
}
Event: 4.660 GC heap before
{Heap before GC invocations=9 (full 2):
 PSYoungGen      total 136192K, used 13803K [0x000000076b600000, 0x0000000777f80000, 0x00000007c0000000)
  eden space 122368K, 0% used [0x000000076b600000,0x000000076b600000,0x0000000772d80000)
  from space 13824K, 99% used [0x0000000772d80000,0x0000000773afade8,0x0000000773b00000)
  to   space 18432K, 0% used [0x0000000776d80000,0x0000000776d80000,0x0000000777f80000)
 ParOldGen       total 110080K, used 15760K [0x00000006c2200000, 0x00000006c8d80000, 0x000000076b600000)
  object space 110080K, 14% used [0x00000006c2200000,0x00000006c3164288,0x00000006c8d80000)
 Metaspace       used 34941K, capacity 35286K, committed 35456K, reserved 1081344K
  class space    used 4300K, capacity 4406K, committed 4480K, reserved 1048576K
Event: 4.716 GC heap after
Heap after GC invocations=9 (full 2):
 PSYoungGen      total 136192K, used 0K [0x000000076b600000, 0x0000000777f80000, 0x00000007c0000000)
  eden space 122368K, 0% used [0x000000076b600000,0x000000076b600000,0x0000000772d80000)
  from space 13824K, 0% used [0x0000000772d80000,0x0000000772d80000,0x0000000773b00000)
  to   space 18432K, 0% used [0x0000000776d80000,0x0000000776d80000,0x0000000777f80000)
 ParOldGen       total 189440K, used 24768K [0x00000006c2200000, 0x00000006cdb00000, 0x000000076b600000)
  object space 189440K, 13% used [0x00000006c2200000,0x00000006c3a30210,0x00000006cdb00000)
 Metaspace       used 34941K, capacity 35286K, committed 35456K, reserved 1081344K
  class space    used 4300K, capacity 4406K, committed 4480K, reserved 1048576K
}
Event: 5.648 GC heap before
{Heap before GC invocations=10 (full 2):
 PSYoungGen      total 136192K, used 122368K [0x000000076b600000, 0x0000000777f80000, 0x00000007c0000000)
  eden space 122368K, 100% used [0x000000076b600000,0x0000000772d80000,0x0000000772d80000)
  from space 13824K, 0% used [0x0000000772d80000,0x0000000772d80000,0x0000000773b00000)
  to   space 18432K, 0% used [0x0000000776d80000,0x0000000776d80000,0x0000000777f80000)
 ParOldGen       total 189440K, used 24768K [0x00000006c2200000, 0x00000006cdb00000, 0x000000076b600000)
  object space 189440K, 13% used [0x00000006c2200000,0x00000006c3a30210,0x00000006cdb00000)
 Metaspace       used 43142K, capacity 43544K, committed 43776K, reserved 1087488K
  class space    used 5452K, capacity 5569K, committed 5632K, reserved 1048576K
Event: 5.664 GC heap after
Heap after GC invocations=10 (full 2):
 PSYoungGen      total 186880K, used 14536K [0x000000076b600000, 0x0000000778580000, 0x00000007c0000000)
  eden space 168448K, 0% used [0x000000076b600000,0x000000076b600000,0x0000000775a80000)
  from space 18432K, 78% used [0x0000000776d80000,0x0000000777bb21a0,0x0000000777f80000)
  to   space 19456K, 0% used [0x0000000775a80000,0x0000000775a80000,0x0000000776d80000)
 ParOldGen       total 189440K, used 24776K [0x00000006c2200000, 0x00000006cdb00000, 0x000000076b600000)
  object space 189440K, 13% used [0x00000006c2200000,0x00000006c3a32210,0x00000006cdb00000)
 Metaspace       used 43142K, capacity 43544K, committed 43776K, reserved 1087488K
  class space    used 5452K, capacity 5569K, committed 5632K, reserved 1048576K
}
Event: 7.082 GC heap before
{Heap before GC invocations=11 (full 2):
 PSYoungGen      total 186880K, used 182984K [0x000000076b600000, 0x0000000778580000, 0x00000007c0000000)
  eden space 168448K, 100% used [0x000000076b600000,0x0000000775a80000,0x0000000775a80000)
  from space 18432K, 78% used [0x0000000776d80000,0x0000000777bb21a0,0x0000000777f80000)
  to   space 19456K, 0% used [0x0000000775a80000,0x0000000775a80000,0x0000000776d80000)
 ParOldGen       total 189440K, used 24776K [0x00000006c2200000, 0x00000006cdb00000, 0x000000076b600000)
  object space 189440K, 13% used [0x00000006c2200000,0x00000006c3a32210,0x00000006cdb00000)
 Metaspace       used 47761K, capacity 48316K, committed 48512K, reserved 1091584K
  class space    used 6051K, capacity 6183K, committed 6272K, reserved 1048576K
Event: 7.095 GC heap after
Heap after GC invocations=11 (full 2):
 PSYoungGen      total 187904K, used 18956K [0x000000076b600000, 0x000000077ac80000, 0x00000007c0000000)
  eden space 168448K, 0% used [0x000000076b600000,0x000000076b600000,0x0000000775a80000)
  from space 19456K, 97% used [0x0000000775a80000,0x0000000776d032f0,0x0000000776d80000)
  to   space 22016K, 0% used [0x0000000779700000,0x0000000779700000,0x000000077ac80000)
 ParOldGen       total 189440K, used 24784K [0x00000006c2200000, 0x00000006cdb00000, 0x000000076b600000)
  object space 189440K, 13% used [0x00000006c2200000,0x00000006c3a34210,0x00000006cdb00000)
 Metaspace       used 47761K, capacity 48316K, committed 48512K, reserved 1091584K
  class space    used 6051K, capacity 6183K, committed 6272K, reserved 1048576K
}
Event: 8.508 GC heap before
{Heap before GC invocations=12 (full 2):
 PSYoungGen      total 187904K, used 187404K [0x000000076b600000, 0x000000077ac80000, 0x00000007c0000000)
  eden space 168448K, 100% used [0x000000076b600000,0x0000000775a80000,0x0000000775a80000)
  from space 19456K, 97% used [0x0000000775a80000,0x0000000776d032f0,0x0000000776d80000)
  to   space 22016K, 0% used [0x0000000779700000,0x0000000779700000,0x000000077ac80000)
 ParOldGen       total 189440K, used 24784K [0x00000006c2200000, 0x00000006cdb00000, 0x000000076b600000)
  object space 189440K, 13% used [0x00000006c2200000,0x00000006c3a34210,0x00000006cdb00000)
 Metaspace       used 50865K, capacity 51610K, committed 51712K, reserved 1093632K
  class space    used 6430K, capacity 6588K, committed 6656K, reserved 1048576K
Event: 8.530 GC heap after
Heap after GC invocations=12 (full 2):
 PSYoungGen      total 226816K, used 22010K [0x000000076b600000, 0x000000077b500000, 0x00000007c0000000)
  eden space 204800K, 0% used [0x000000076b600000,0x000000076b600000,0x0000000777e00000)
  from space 22016K, 99% used [0x0000000779700000,0x000000077ac7ea18,0x000000077ac80000)
  to   space 25600K, 0% used [0x0000000777e00000,0x0000000777e00000,0x0000000779700000)
 ParOldGen       total 189440K, used 26546K [0x00000006c2200000, 0x00000006cdb00000, 0x000000076b600000)
  object space 189440K, 14% used [0x00000006c2200000,0x00000006c3beca00,0x00000006cdb00000)
 Metaspace       used 50865K, capacity 51610K, committed 51712K, reserved 1093632K
  class space    used 6430K, capacity 6588K, committed 6656K, reserved 1048576K
}

