# JRE version: Java(TM) SE Runtime Environment (8.0_71-b15) (build 1.8.0_71-b15)
# Java VM: Java HotSpot(TM) 64-Bit Server VM (25.71-b15 mixed mode windows-amd64 compressed oops)
Heap:
 PSYoungGen      total 216576K, used 202200K [0x000000076b600000, 0x000000077a600000, 0x00000007c0000000)
  eden space 194560K, 92% used [0x000000076b600000,0x00000007765fdb70,0x0000000777400000)
  from space 22016K, 99% used [0x0000000778f80000,0x000000077a4f8780,0x000000077a500000)
  to   space 25600K, 0% used [0x0000000777400000,0x0000000777400000,0x0000000778d00000)
 ParOldGen       total 195584K, used 26188K [0x00000006c2200000, 0x00000006ce100000, 0x000000076b600000)
  object space 195584K, 13% used [0x00000006c2200000,0x00000006c3b933c0,0x00000006ce100000)
 Metaspace       used 55793K, capacity 56534K, committed 56704K, reserved 1099776K
  class space    used 7070K, capacity 7240K, committed 7296K, reserved 1048576K
GC Heap History (10 events):
Event: 4.707 GC heap before
{Heap before GC invocations=8 (full 1):
 PSYoungGen      total 131072K, used 111234K [0x000000076b600000, 0x0000000777000000, 0x00000007c0000000)
  eden space 120320K, 83% used [0x000000076b600000,0x0000000771823d48,0x0000000772b80000)
  from space 10752K, 99% used [0x0000000773900000,0x000000077437ce90,0x0000000774380000)
  to   space 13824K, 0% used [0x0000000772b80000,0x0000000772b80000,0x0000000773900000)
 ParOldGen       total 111616K, used 11466K [0x00000006c2200000, 0x00000006c8f00000, 0x000000076b600000)
  object space 111616K, 10% used [0x00000006c2200000,0x00000006c2d32870,0x00000006c8f00000)
 Metaspace       used 34855K, capacity 35184K, committed 35456K, reserved 1081344K
  class space    used 4288K, capacity 4373K, committed 4480K, reserved 1048576K
Event: 4.722 GC heap after
Heap after GC invocations=8 (full 1):
 PSYoungGen      total 134144K, used 13793K [0x000000076b600000, 0x0000000777b00000, 0x00000007c0000000)
  eden space 120320K, 0% used [0x000000076b600000,0x000000076b600000,0x0000000772b80000)
  from space 13824K, 99% used [0x0000000772b80000,0x00000007738f87e8,0x0000000773900000)
  to   space 17920K, 0% used [0x0000000776980000,0x0000000776980000,0x0000000777b00000)
 ParOldGen       total 111616K, used 15548K [0x00000006c2200000, 0x00000006c8f00000, 0x000000076b600000)
  object space 111616K, 13% used [0x00000006c2200000,0x00000006c312f310,0x00000006c8f00000)
 Metaspace       used 34855K, capacity 35184K, committed 35456K, reserved 1081344K
  class space    used 4288K, capacity 4373K, committed 4480K, reserved 1048576K
}
Event: 4.723 GC heap before
{Heap before GC invocations=9 (full 2):
 PSYoungGen      total 134144K, used 13793K [0x000000076b600000, 0x0000000777b00000, 0x00000007c0000000)
  eden space 120320K, 0% used [0x000000076b600000,0x000000076b600000,0x0000000772b80000)
  from space 13824K, 99% used [0x0000000772b80000,0x00000007738f87e8,0x0000000773900000)
  to   space 17920K, 0% used [0x0000000776980000,0x0000000776980000,0x0000000777b00000)
 ParOldGen       total 111616K, used 15548K [0x00000006c2200000, 0x00000006c8f00000, 0x000000076b600000)
  object space 111616K, 13% used [0x00000006c2200000,0x00000006c312f310,0x00000006c8f00000)
 Metaspace       used 34855K, capacity 35184K, committed 35456K, reserved 1081344K
  class space    used 4288K, capacity 4373K, committed 4480K, reserved 1048576K
Event: 4.796 GC heap after
Heap after GC invocations=9 (full 2):
 PSYoungGen      total 134144K, used 0K [0x000000076b600000, 0x0000000777b00000, 0x00000007c0000000)
  eden space 120320K, 0% used [0x000000076b600000,0x000000076b600000,0x0000000772b80000)
  from space 13824K, 0% used [0x0000000772b80000,0x0000000772b80000,0x0000000773900000)
  to   space 17920K, 0% used [0x0000000776980000,0x0000000776980000,0x0000000777b00000)
 ParOldGen       total 195584K, used 24734K [0x00000006c2200000, 0x00000006ce100000, 0x000000076b600000)
  object space 195584K, 12% used [0x00000006c2200000,0x00000006c3a27890,0x00000006ce100000)
 Metaspace       used 34855K, capacity 35184K, committed 35456K, reserved 1081344K
  class space    used 4288K, capacity 4373K, committed 4480K, reserved 1048576K
}
Event: 5.754 GC heap before
{Heap before GC invocations=10 (full 2):
 PSYoungGen      total 134144K, used 120320K [0x000000076b600000, 0x0000000777b00000, 0x00000007c0000000)
  eden space 120320K, 100% used [0x000000076b600000,0x0000000772b80000,0x0000000772b80000)
  from space 13824K, 0% used [0x0000000772b80000,0x0000000772b80000,0x0000000773900000)
  to   space 17920K, 0% used [0x0000000776980000,0x0000000776980000,0x0000000777b00000)
 ParOldGen       total 195584K, used 24734K [0x00000006c2200000, 0x00000006ce100000, 0x000000076b600000)
  object space 195584K, 12% used [0x00000006c2200000,0x00000006c3a27890,0x00000006ce100000)
 Metaspace       used 43167K, capacity 43608K, committed 44032K, reserved 1087488K
  class space    used 5453K, capacity 5569K, committed 5632K, reserved 1048576K
Event: 5.766 GC heap after
Heap after GC invocations=10 (full 2):
 PSYoungGen      total 181760K, used 14299K [0x000000076b600000, 0x0000000777c00000, 0x00000007c0000000)
  eden space 163840K, 0% used [0x000000076b600000,0x000000076b600000,0x0000000775600000)
  from space 17920K, 79% used [0x0000000776980000,0x0000000777776cc8,0x0000000777b00000)
  to   space 19456K, 0% used [0x0000000775600000,0x0000000775600000,0x0000000776900000)
 ParOldGen       total 195584K, used 24742K [0x00000006c2200000, 0x00000006ce100000, 0x000000076b600000)
  object space 195584K, 12% used [0x00000006c2200000,0x00000006c3a29890,0x00000006ce100000)
 Metaspace       used 43167K, capacity 43608K, committed 44032K, reserved 1087488K
  class space    used 5453K, capacity 5569K, committed 5632K, reserved 1048576K
}
Event: 7.103 GC heap before
{Heap before GC invocations=11 (full 2):
 PSYoungGen      total 181760K, used 178139K [0x000000076b600000, 0x0000000777c00000, 0x00000007c0000000)
  eden space 163840K, 100% used [0x000000076b600000,0x0000000775600000,0x0000000775600000)
  from space 17920K, 79% used [0x0000000776980000,0x0000000777776cc8,0x0000000777b00000)
  to   space 19456K, 0% used [0x0000000775600000,0x0000000775600000,0x0000000776900000)
 ParOldGen       total 195584K, used 24742K [0x00000006c2200000, 0x00000006ce100000, 0x000000076b600000)
  object space 195584K, 12% used [0x00000006c2200000,0x00000006c3a29890,0x00000006ce100000)
 Metaspace       used 47702K, capacity 48220K, committed 48512K, reserved 1091584K
  class space    used 6036K, capacity 6151K, committed 6272K, reserved 1048576K
Event: 7.125 GC heap after
Heap after GC invocations=11 (full 2):
 PSYoungGen      total 183296K, used 18754K [0x000000076b600000, 0x000000077a500000, 0x00000007c0000000)
  eden space 163840K, 0% used [0x000000076b600000,0x000000076b600000,0x0000000775600000)
  from space 19456K, 96% used [0x0000000775600000,0x0000000776850b70,0x0000000776900000)
  to   space 22016K, 0% used [0x0000000778f80000,0x0000000778f80000,0x000000077a500000)
 ParOldGen       total 195584K, used 24750K [0x00000006c2200000, 0x00000006ce100000, 0x000000076b600000)
  object space 195584K, 12% used [0x00000006c2200000,0x00000006c3a2b890,0x00000006ce100000)
 Metaspace       used 47702K, capacity 48220K, committed 48512K, reserved 1091584K
  class space    used 6036K, capacity 6151K, committed 6272K, reserved 1048576K
}
Event: 67.613 GC heap before
{Heap before GC invocations=12 (full 2):
 PSYoungGen      total 183296K, used 182594K [0x000000076b600000, 0x000000077a500000, 0x00000007c0000000)
  eden space 163840K, 100% used [0x000000076b600000,0x0000000775600000,0x0000000775600000)
  from space 19456K, 96% used [0x0000000775600000,0x0000000776850b70,0x0000000776900000)
  to   space 22016K, 0% used [0x0000000778f80000,0x0000000778f80000,0x000000077a500000)
 ParOldGen       total 195584K, used 24750K [0x00000006c2200000, 0x00000006ce100000, 0x000000076b600000)
  object space 195584K, 12% used [0x00000006c2200000,0x00000006c3a2b890,0x00000006ce100000)
 Metaspace       used 50579K, capacity 51322K, committed 51456K, reserved 1093632K
  class space    used 6412K, capacity 6556K, committed 6656K, reserved 1048576K
Event: 67.628 GC heap after
Heap after GC invocations=12 (full 2):
 PSYoungGen      total 216576K, used 21985K [0x000000076b600000, 0x000000077a600000, 0x00000007c0000000)
  eden space 194560K, 0% used [0x000000076b600000,0x000000076b600000,0x0000000777400000)
  from space 22016K, 99% used [0x0000000778f80000,0x000000077a4f8780,0x000000077a500000)
  to   space 25600K, 0% used [0x0000000777400000,0x0000000777400000,0x0000000778d00000)
 ParOldGen       total 195584K, used 26188K [0x00000006c2200000, 0x00000006ce100000, 0x000000076b600000)
  object space 195584K, 13% used [0x00000006c2200000,0x00000006c3b933c0,0x00000006ce100000)
 Metaspace       used 50579K, capacity 51322K, committed 51456K, reserved 1093632K
  class space    used 6412K, capacity 6556K, committed 6656K, reserved 1048576K
}

