# JRE version: Java(TM) SE Runtime Environment (8.0_71-b15) (build 1.8.0_71-b15)
# Java VM: Java HotSpot(TM) 64-Bit Server VM (25.71-b15 mixed mode windows-amd64 compressed oops)
Heap:
 PSYoungGen      total 215552K, used 183124K [0x000000076b600000, 0x000000077a500000, 0x00000007c0000000)
  eden space 193536K, 83% used [0x000000076b600000,0x000000077535b338,0x0000000777300000)
  from space 22016K, 99% used [0x0000000778e80000,0x000000077a3fa060,0x000000077a400000)
  to   space 25600K, 0% used [0x0000000777300000,0x0000000777300000,0x0000000778c00000)
 ParOldGen       total 195584K, used 26255K [0x00000006c2200000, 0x00000006ce100000, 0x000000076b600000)
  object space 195584K, 13% used [0x00000006c2200000,0x00000006c3ba3f60,0x00000006ce100000)
 Metaspace       used 54873K, capacity 55658K, committed 55808K, reserved 1097728K
  class space    used 6979K, capacity 7142K, committed 7168K, reserved 1048576K
GC Heap History (10 events):
Event: 4.324 GC heap before
{Heap before GC invocations=8 (full 1):
 PSYoungGen      total 131584K, used 111369K [0x000000076b600000, 0x0000000777400000, 0x00000007c0000000)
  eden space 120832K, 83% used [0x000000076b600000,0x00000007718434d0,0x0000000772c00000)
  from space 10752K, 99% used [0x0000000773980000,0x00000007743ff260,0x0000000774400000)
  to   space 13824K, 0% used [0x0000000772c00000,0x0000000772c00000,0x0000000773980000)
 ParOldGen       total 112128K, used 11424K [0x00000006c2200000, 0x00000006c8f80000, 0x000000076b600000)
  object space 112128K, 10% used [0x00000006c2200000,0x00000006c2d28248,0x00000006c8f80000)
 Metaspace       used 34942K, capacity 35286K, committed 35456K, reserved 1081344K
  class space    used 4310K, capacity 4406K, committed 4480K, reserved 1048576K
Event: 4.340 GC heap after
Heap after GC invocations=8 (full 1):
 PSYoungGen      total 134656K, used 13793K [0x000000076b600000, 0x0000000777f80000, 0x00000007c0000000)
  eden space 120832K, 0% used [0x000000076b600000,0x000000076b600000,0x0000000772c00000)
  from space 13824K, 99% used [0x0000000772c00000,0x0000000773978408,0x0000000773980000)
  to   space 18432K, 0% used [0x0000000776d80000,0x0000000776d80000,0x0000000777f80000)
 ParOldGen       total 112128K, used 15746K [0x00000006c2200000, 0x00000006c8f80000, 0x000000076b600000)
  object space 112128K, 14% used [0x00000006c2200000,0x00000006c3160bd8,0x00000006c8f80000)
 Metaspace       used 34942K, capacity 35286K, committed 35456K, reserved 1081344K
  class space    used 4310K, capacity 4406K, committed 4480K, reserved 1048576K
}
Event: 4.340 GC heap before
{Heap before GC invocations=9 (full 2):
 PSYoungGen      total 134656K, used 13793K [0x000000076b600000, 0x0000000777f80000, 0x00000007c0000000)
  eden space 120832K, 0% used [0x000000076b600000,0x000000076b600000,0x0000000772c00000)
  from space 13824K, 99% used [0x0000000772c00000,0x0000000773978408,0x0000000773980000)
  to   space 18432K, 0% used [0x0000000776d80000,0x0000000776d80000,0x0000000777f80000)
 ParOldGen       total 112128K, used 15746K [0x00000006c2200000, 0x00000006c8f80000, 0x000000076b600000)
  object space 112128K, 14% used [0x00000006c2200000,0x00000006c3160bd8,0x00000006c8f80000)
 Metaspace       used 34942K, capacity 35286K, committed 35456K, reserved 1081344K
  class space    used 4310K, capacity 4406K, committed 4480K, reserved 1048576K
Event: 4.419 GC heap after
Heap after GC invocations=9 (full 2):
 PSYoungGen      total 134656K, used 0K [0x000000076b600000, 0x0000000777f80000, 0x00000007c0000000)
  eden space 120832K, 0% used [0x000000076b600000,0x000000076b600000,0x0000000772c00000)
  from space 13824K, 0% used [0x0000000772c00000,0x0000000772c00000,0x0000000773980000)
  to   space 18432K, 0% used [0x0000000776d80000,0x0000000776d80000,0x0000000777f80000)
 ParOldGen       total 195584K, used 24820K [0x00000006c2200000, 0x00000006ce100000, 0x000000076b600000)
  object space 195584K, 12% used [0x00000006c2200000,0x00000006c3a3d0d0,0x00000006ce100000)
 Metaspace       used 34942K, capacity 35286K, committed 35456K, reserved 1081344K
  class space    used 4310K, capacity 4406K, committed 4480K, reserved 1048576K
}
Event: 5.368 GC heap before
{Heap before GC invocations=10 (full 2):
 PSYoungGen      total 134656K, used 120832K [0x000000076b600000, 0x0000000777f80000, 0x00000007c0000000)
  eden space 120832K, 100% used [0x000000076b600000,0x0000000772c00000,0x0000000772c00000)
  from space 13824K, 0% used [0x0000000772c00000,0x0000000772c00000,0x0000000773980000)
  to   space 18432K, 0% used [0x0000000776d80000,0x0000000776d80000,0x0000000777f80000)
 ParOldGen       total 195584K, used 24820K [0x00000006c2200000, 0x00000006ce100000, 0x000000076b600000)
  object space 195584K, 12% used [0x00000006c2200000,0x00000006c3a3d0d0,0x00000006ce100000)
 Metaspace       used 43132K, capacity 43544K, committed 43776K, reserved 1087488K
  class space    used 5451K, capacity 5569K, committed 5632K, reserved 1048576K
Event: 5.380 GC heap after
Heap after GC invocations=10 (full 2):
 PSYoungGen      total 180736K, used 14375K [0x000000076b600000, 0x0000000777d00000, 0x00000007c0000000)
  eden space 164864K, 0% used [0x000000076b600000,0x000000076b600000,0x0000000775700000)
  from space 15872K, 90% used [0x0000000776d80000,0x0000000777b89e18,0x0000000777d00000)
  to   space 19456K, 0% used [0x0000000775700000,0x0000000775700000,0x0000000776a00000)
 ParOldGen       total 195584K, used 24828K [0x00000006c2200000, 0x00000006ce100000, 0x000000076b600000)
  object space 195584K, 12% used [0x00000006c2200000,0x00000006c3a3f0d0,0x00000006ce100000)
 Metaspace       used 43132K, capacity 43544K, committed 43776K, reserved 1087488K
  class space    used 5451K, capacity 5569K, committed 5632K, reserved 1048576K
}
Event: 6.777 GC heap before
{Heap before GC invocations=11 (full 2):
 PSYoungGen      total 180736K, used 179239K [0x000000076b600000, 0x0000000777d00000, 0x00000007c0000000)
  eden space 164864K, 100% used [0x000000076b600000,0x0000000775700000,0x0000000775700000)
  from space 15872K, 90% used [0x0000000776d80000,0x0000000777b89e18,0x0000000777d00000)
  to   space 19456K, 0% used [0x0000000775700000,0x0000000775700000,0x0000000776a00000)
 ParOldGen       total 195584K, used 24828K [0x00000006c2200000, 0x00000006ce100000, 0x000000076b600000)
  object space 195584K, 12% used [0x00000006c2200000,0x00000006c3a3f0d0,0x00000006ce100000)
 Metaspace       used 47727K, capacity 48252K, committed 48512K, reserved 1091584K
  class space    used 6045K, capacity 6183K, committed 6272K, reserved 1048576K
Event: 6.793 GC heap after
Heap after GC invocations=11 (full 2):
 PSYoungGen      total 184320K, used 18861K [0x000000076b600000, 0x000000077a400000, 0x00000007c0000000)
  eden space 164864K, 0% used [0x000000076b600000,0x000000076b600000,0x0000000775700000)
  from space 19456K, 96% used [0x0000000775700000,0x000000077696b5e0,0x0000000776a00000)
  to   space 22016K, 0% used [0x0000000778e80000,0x0000000778e80000,0x000000077a400000)
 ParOldGen       total 195584K, used 24836K [0x00000006c2200000, 0x00000006ce100000, 0x000000076b600000)
  object space 195584K, 12% used [0x00000006c2200000,0x00000006c3a410d0,0x00000006ce100000)
 Metaspace       used 47727K, capacity 48252K, committed 48512K, reserved 1091584K
  class space    used 6045K, capacity 6183K, committed 6272K, reserved 1048576K
}
Event: 69.885 GC heap before
{Heap before GC invocations=12 (full 2):
 PSYoungGen      total 184320K, used 183725K [0x000000076b600000, 0x000000077a400000, 0x00000007c0000000)
  eden space 164864K, 100% used [0x000000076b600000,0x0000000775700000,0x0000000775700000)
  from space 19456K, 96% used [0x0000000775700000,0x000000077696b5e0,0x0000000776a00000)
  to   space 22016K, 0% used [0x0000000778e80000,0x0000000778e80000,0x000000077a400000)
 ParOldGen       total 195584K, used 24836K [0x00000006c2200000, 0x00000006ce100000, 0x000000076b600000)
  object space 195584K, 12% used [0x00000006c2200000,0x00000006c3a410d0,0x00000006ce100000)
 Metaspace       used 50552K, capacity 51258K, committed 51456K, reserved 1093632K
  class space    used 6412K, capacity 6556K, committed 6656K, reserved 1048576K
Event: 69.900 GC heap after
Heap after GC invocations=12 (full 2):
 PSYoungGen      total 215552K, used 21992K [0x000000076b600000, 0x000000077a500000, 0x00000007c0000000)
  eden space 193536K, 0% used [0x000000076b600000,0x000000076b600000,0x0000000777300000)
  from space 22016K, 99% used [0x0000000778e80000,0x000000077a3fa060,0x000000077a400000)
  to   space 25600K, 0% used [0x0000000777300000,0x0000000777300000,0x0000000778c00000)
 ParOldGen       total 195584K, used 26255K [0x00000006c2200000, 0x00000006ce100000, 0x000000076b600000)
  object space 195584K, 13% used [0x00000006c2200000,0x00000006c3ba3f60,0x00000006ce100000)
 Metaspace       used 50552K, capacity 51258K, committed 51456K, reserved 1093632K
  class space    used 6412K, capacity 6556K, committed 6656K, reserved 1048576K
}

